2023-08-02 13:59:27,993 DEBUG decorat_log.py Была вызвана функция main c параметрами () , {}. Вызов из модуля __main__
2023-08-02 13:59:27,993 DEBUG decorat_log.py Была вызвана функция config_load c параметрами () , {}. Вызов из модуля __main__
2023-08-02 13:59:28,003 DEBUG decorat_log.py Была вызвана функция arg_parser c параметрами ('7777', '') , {}. Вызов из модуля __main__
2023-08-02 13:59:28,003 DEBUG server.py Инициализация парсера аргументов коммандной строки: ['server.py']
2023-08-02 13:59:28,004 DEBUG server.py Аргументы успешно загружены.
2023-08-02 13:59:28,361 INFO core.py Запущен сервер, порт для подключений: 7777 , адрес с которого принимаются подключения: . Если адрес не указан, принимаются соединения с любых адресов.
2023-08-02 14:03:31,350 DEBUG decorat_log.py Была вызвана функция main c параметрами () , {}. Вызов из модуля __main__
2023-08-02 14:03:31,350 DEBUG decorat_log.py Была вызвана функция config_load c параметрами () , {}. Вызов из модуля __main__
2023-08-02 14:03:31,350 DEBUG decorat_log.py Была вызвана функция arg_parser c параметрами ('7777', '') , {}. Вызов из модуля __main__
2023-08-02 14:03:31,351 DEBUG server.py Инициализация парсера аргументов коммандной строки: ['server.py']
2023-08-02 14:03:31,351 DEBUG server.py Аргументы успешно загружены.
2023-08-02 14:03:31,538 INFO core.py Запущен сервер, порт для подключений: 7777 , адрес с которого принимаются подключения: . Если адрес не указан, принимаются соединения с любых адресов.
2023-08-02 14:11:58,111 DEBUG decorat_log.py Была вызвана функция main c параметрами () , {}. Вызов из модуля __main__
2023-08-02 14:11:58,112 DEBUG decorat_log.py Была вызвана функция config_load c параметрами () , {}. Вызов из модуля __main__
2023-08-02 14:11:58,112 DEBUG decorat_log.py Была вызвана функция arg_parser c параметрами ('7777', '') , {}. Вызов из модуля __main__
2023-08-02 14:11:58,112 DEBUG server.py Инициализация парсера аргументов коммандной строки: ['server.py']
2023-08-02 14:11:58,113 DEBUG server.py Аргументы успешно загружены.
2023-08-02 14:11:58,280 INFO core.py Запущен сервер, порт для подключений: 7777 , адрес с которого принимаются подключения: . Если адрес не указан, принимаются соединения с любых адресов.
2023-08-02 14:12:23,066 DEBUG decorat_log.py Была вызвана функция main c параметрами () , {}. Вызов из модуля __main__
2023-08-02 14:12:23,067 DEBUG decorat_log.py Была вызвана функция config_load c параметрами () , {}. Вызов из модуля __main__
2023-08-02 14:12:23,067 DEBUG decorat_log.py Была вызвана функция arg_parser c параметрами ('7777', '') , {}. Вызов из модуля __main__
2023-08-02 14:12:23,067 DEBUG server.py Инициализация парсера аргументов коммандной строки: ['server.py']
2023-08-02 14:12:23,068 DEBUG server.py Аргументы успешно загружены.
2023-08-02 14:12:23,282 INFO core.py Запущен сервер, порт для подключений: 7777 , адрес с которого принимаются подключения: . Если адрес не указан, принимаются соединения с любых адресов.
